<?xml version="1.0" encoding="UTF-8" ?>
<testsuites name="vitest tests" tests="9" failures="0" errors="0" time="2073.978">
    <testsuite name="test/operations.test.js" timestamp="2024-04-21T09:23:46.699Z" hostname="Rahma" tests="9" failures="0" errors="0" skipped="0" time="0.006">
        <testcase classname="test/operations.test.js" name="Operasi penambahan 2 angka &gt; adds 1 + 2 to equal 3" time="0.002">
        </testcase>
        <testcase classname="test/operations.test.js" name="Test subtract function &gt; subtract 2 - 1 to equal 1" time="0">
        </testcase>
        <testcase classname="test/operations.test.js" name="Test subtract function &gt; subtract 456 - 123 to equal 333" time="0.001">
        </testcase>
        <testcase classname="test/operations.test.js" name="Test subtract function &gt; subtract 900 - 1000 to equal -100" time="0">
        </testcase>
        <testcase classname="test/operations.test.js" name="Test multiply function &gt; multiply 2 * 3 to equal 6" time="0">
        </testcase>
        <testcase classname="test/operations.test.js" name="Test multiply function &gt; multiply 123 * 456 to equal 56088" time="0">
        </testcase>
        <testcase classname="test/operations.test.js" name="Test multiply function &gt; multiply 0 * 0 to equal 0" time="0">
        </testcase>
        <testcase classname="test/operations.test.js" name="Operasi pembagian 2 angka &gt; divide 6 / 2 to equal 3" time="0">
        </testcase>
        <testcase classname="test/operations.test.js" name="Operasi pembagian 2 angka &gt; Operasi pembagian dengan pembilang nol" time="0.002">
        </testcase>
    </testsuite>
</testsuites>
